<?xml version="1.0" encoding="UTF-8"?>
<!-- Generated by org.testng.reporters.JUnitXMLReporter -->
<testsuite hostname="DESKTOP-27L8JE7" ignored="3" name="Test" tests="2" failures="0" timestamp="15 Jun 2020 10:01:13 GMT" time="14.571" errors="0">
  <testcase name="amazon" time="11.943" classname="com.project.MavenProject3PMBatch1.ParallelTestNGMethod"/>
  <testcase name="flipkart" time="14.45" classname="com.project.MavenProject3PMBatch1.ParallelTestNGMethod"/>
  <testcase name="test1" time="0.0" classname="com.project.MavenProject3PMBatch1.ParallelTestNGMethod">
    <ignored/>
  </testcase> <!-- test1 -->
  <testcase name="test2" time="0.0" classname="com.project.MavenProject3PMBatch1.ParallelTestNGMethod">
    <ignored/>
  </testcase> <!-- test2 -->
  <testcase name="test3" time="0.0" classname="com.project.MavenProject3PMBatch1.ParallelTestNGMethod">
    <ignored/>
  </testcase> <!-- test3 -->
</testsuite> <!-- Test -->
