<?xml version="1.0" encoding="UTF-8"?>
<!-- Generated by org.testng.reporters.JUnitXMLReporter -->
<testsuite hostname="DESKTOP-27L8JE7" ignored="0" name="Test" tests="4" failures="0" timestamp="16 Jun 2020 10:01:17 GMT" time="48.812" errors="0">
  <testcase name="amazon" time="6.774" classname="com.project.MavenProject3PMBatch1.TC_002"/>
  <testcase name="checkboxTest" time="4.586" classname="com.project.MavenProject3PMBatch1.CheckBox1"/>
  <testcase name="linktesting1" time="1.783" classname="com.project.MavenProject3PMBatch1.LinksTesting1"/>
  <testcase name="radioButton1" time="4.619" classname="com.project.MavenProject3PMBatch1.RadioButton1"/>
</testsuite> <!-- Test -->
