<?xml version="1.0" encoding="UTF-8"?>
<testng-results skipped="0" failed="0" ignored="0" total="3" passed="3">
  <reporter-output>
  </reporter-output>
  <suite name="Default suite" duration-ms="1542" started-at="2020-07-03T16:04:54 IST" finished-at="2020-07-03T16:04:56 IST">
    <groups>
    </groups>
    <test name="Default test" duration-ms="1542" started-at="2020-07-03T16:04:54 IST" finished-at="2020-07-03T16:04:56 IST">
      <class name="excelOperations.DataManagementwithHashTable">
        <test-method status="PASS" signature="testcase(java.util.Hashtable)[pri:0, instance:excelOperations.DataManagementwithHashTable@1c3a4799]" name="testcase" duration-ms="19" started-at="2020-07-03T16:04:56 IST" data-provider="getData" finished-at="2020-07-03T16:04:56 IST">
          <params>
            <param index="0">
              <value>
                <![CDATA[{ExpectedResult=LoginSuccess, UserPassword=zoho2015, Runmode=Y, UserName=ravilella.2015@gmail.com, Browser=chrome}]]>
              </value>
            </param>
          </params>
          <reporter-output>
          </reporter-output>
        </test-method> <!-- testcase -->
        <test-method status="PASS" signature="testcase(java.util.Hashtable)[pri:0, instance:excelOperations.DataManagementwithHashTable@1c3a4799]" name="testcase" duration-ms="3" started-at="2020-07-03T16:04:56 IST" data-provider="getData" finished-at="2020-07-03T16:04:56 IST">
          <params>
            <param index="0">
              <value>
                <![CDATA[{ExpectedResult=LoginFailure, UserPassword=P2, Runmode=N, UserName=U2, Browser=firefox}]]>
              </value>
            </param>
          </params>
          <reporter-output>
          </reporter-output>
        </test-method> <!-- testcase -->
        <test-method status="PASS" signature="testcase(java.util.Hashtable)[pri:0, instance:excelOperations.DataManagementwithHashTable@1c3a4799]" name="testcase" duration-ms="2" started-at="2020-07-03T16:04:56 IST" data-provider="getData" finished-at="2020-07-03T16:04:56 IST">
          <params>
            <param index="0">
              <value>
                <![CDATA[{ExpectedResult=LoginSuccess, UserPassword=P3, Runmode=N, UserName=U3, Browser=ie}]]>
              </value>
            </param>
          </params>
          <reporter-output>
          </reporter-output>
        </test-method> <!-- testcase -->
      </class> <!-- excelOperations.DataManagementwithHashTable -->
    </test> <!-- Default test -->
  </suite> <!-- Default suite -->
</testng-results>
