<?xml version="1.0" encoding="UTF-8"?>
<testng-results skipped="0" failed="0" ignored="0" total="2" passed="2">
  <reporter-output>
  </reporter-output>
  <suite name="Suite" duration-ms="65515" started-at="2020-06-11T10:41:22Z" finished-at="2020-06-11T10:42:28Z">
    <groups>
    </groups>
    <test name="ChromeTest" duration-ms="22483" started-at="2020-06-11T10:41:22Z" finished-at="2020-06-11T10:41:45Z">
      <class name="com.project.MavenProject3PMBatch1.TC_002">
        <test-method status="PASS" signature="beforeMethod(java.lang.String)[pri:0, instance:com.project.MavenProject3PMBatch1.TC_002@6646153]" name="beforeMethod" is-config="true" duration-ms="11005" started-at="2020-06-11T10:41:22Z" finished-at="2020-06-11T10:41:33Z">
          <params>
            <param index="0">
              <value>
                <![CDATA[chrome]]>
              </value>
            </param>
          </params>
          <reporter-output>
          </reporter-output>
        </test-method> <!-- beforeMethod -->
        <test-method status="PASS" signature="amazon()[pri:0, instance:com.project.MavenProject3PMBatch1.TC_002@6646153]" name="amazon" duration-ms="8764" started-at="2020-06-11T10:41:33Z" finished-at="2020-06-11T10:41:42Z">
          <reporter-output>
          </reporter-output>
        </test-method> <!-- amazon -->
        <test-method status="PASS" signature="afterMethod()[pri:0, instance:com.project.MavenProject3PMBatch1.TC_002@6646153]" name="afterMethod" is-config="true" duration-ms="2645" started-at="2020-06-11T10:41:42Z" finished-at="2020-06-11T10:41:45Z">
          <reporter-output>
          </reporter-output>
        </test-method> <!-- afterMethod -->
      </class> <!-- com.project.MavenProject3PMBatch1.TC_002 -->
    </test> <!-- ChromeTest -->
    <test name="FirefoxTest" duration-ms="65515" started-at="2020-06-11T10:41:22Z" finished-at="2020-06-11T10:42:28Z">
      <class name="com.project.MavenProject3PMBatch1.TC_002">
        <test-method status="PASS" signature="beforeMethod(java.lang.String)[pri:0, instance:com.project.MavenProject3PMBatch1.TC_002@79ca92b9]" name="beforeMethod" is-config="true" duration-ms="56653" started-at="2020-06-11T10:41:22Z" finished-at="2020-06-11T10:42:19Z">
          <params>
            <param index="0">
              <value>
                <![CDATA[firefox]]>
              </value>
            </param>
          </params>
          <reporter-output>
          </reporter-output>
        </test-method> <!-- beforeMethod -->
        <test-method status="PASS" signature="amazon()[pri:0, instance:com.project.MavenProject3PMBatch1.TC_002@79ca92b9]" name="amazon" duration-ms="3826" started-at="2020-06-11T10:42:19Z" finished-at="2020-06-11T10:42:23Z">
          <reporter-output>
          </reporter-output>
        </test-method> <!-- amazon -->
        <test-method status="PASS" signature="afterMethod()[pri:0, instance:com.project.MavenProject3PMBatch1.TC_002@79ca92b9]" name="afterMethod" is-config="true" duration-ms="4969" started-at="2020-06-11T10:42:23Z" finished-at="2020-06-11T10:42:28Z">
          <reporter-output>
          </reporter-output>
        </test-method> <!-- afterMethod -->
      </class> <!-- com.project.MavenProject3PMBatch1.TC_002 -->
    </test> <!-- FirefoxTest -->
  </suite> <!-- Suite -->
</testng-results>
