<?xml version="1.0" encoding="UTF-8"?>
<!-- Generated by org.testng.reporters.JUnitXMLReporter -->
<testsuite hostname="DESKTOP-27L8JE7" ignored="0" name="Default test" tests="3" failures="0" timestamp="2020-07-03T16:04:56 IST" time="1.542" errors="0">
  <testcase name="testcase" time="0.019" classname="excelOperations.DataManagementwithHashTable"/>
  <testcase name="testcase" time="0.003" classname="excelOperations.DataManagementwithHashTable"/>
  <testcase name="testcase" time="0.002" classname="excelOperations.DataManagementwithHashTable"/>
</testsuite> <!-- Default test -->
